Could not read data file
Background: Exporting image
main pictures: Exporting image
border: Exporting image
dimmingView: Exporting image
text: Exporting image
guitarButton: Exporting image
gameButton: Exporting image
blogButton: Exporting image
resumeButton: Exporting image
internet: Exporting image
internetHighlighted: Exporting image
email: Exporting image
emailHighlighted: Exporting image
phone: Exporting image
phoneHighlighted: Exporting image
twitter: Exporting image
twitterHighlighted: Exporting image
Resume: Exporting image
Exit: Exporting image
fullResumeButton: Exporting image
20 views changed
Success: /var/folders/hy/16jyvtcd7pv41c00jp6xrf0c0000gn/T/F2F6012E-89EF-46E0-929C-CFB474BF3DAE-9442-000025F58D41EF45/firstMock
